# JRE version: OpenJDK Runtime Environment Temurin-21.0.9+10 (21.0.9+10) (build 21.0.9+10-LTS)
# Java VM: OpenJDK 64-Bit Server VM Temurin-21.0.9+10 (21.0.9+10-LTS, mixed mode, sharing, tiered, compressed oops, compressed class ptrs, parallel gc, windows-amd64)
GC Precious Log:
 CardTable entry size: 512
 CPUs: 8 total, 8 available
 Memory: 8035M
 Large Page Support: Disabled
 NUMA Support: Disabled
 Compressed Oops: Enabled (32-bit)
 Alignments: Space 512K, Generation 512K, Heap 2M
 Heap Min Capacity: 100M
 Heap Initial Capacity: 100M
 Heap Max Capacity: 2G
 Pre-touch: Disabled
 Parallel Workers: 8
Heap:
 PSYoungGen      total 6144K, used 623K [0x00000000d5580000, 0x00000000d5f00000, 0x0000000100000000)
  eden space 4096K, 9% used [0x00000000d5580000,0x00000000d55e3e08,0x00000000d5980000)
  from space 2048K, 10% used [0x00000000d5b80000,0x00000000d5bb8000,0x00000000d5d80000)
  to   space 1024K, 0% used [0x00000000d5e00000,0x00000000d5e00000,0x00000000d5f00000)
 ParOldGen       total 1157120K, used 867296K [0x0000000080000000, 0x00000000c6a00000, 0x00000000d5580000)
  object space 1157120K, 74% used [0x0000000080000000,0x00000000b4ef8118,0x00000000c6a00000)
 Metaspace       used 83605K, committed 85312K, reserved 1179648K
  class space    used 8767K, committed 9536K, reserved 1048576K
GC Heap History (20 events):
Event: 1212.277 GC heap before
{Heap before GC invocations=1718 (full 4):
 PSYoungGen      total 5120K, used 4672K [0x00000000d5580000, 0x00000000d5d80000, 0x0000000100000000)
  eden space 4096K, 100% used [0x00000000d5580000,0x00000000d5980000,0x00000000d5980000)
  from space 1024K, 56% used [0x00000000d5980000,0x00000000d5a10000,0x00000000d5a80000)
  to   space 1536K, 0% used [0x00000000d5c00000,0x00000000d5c00000,0x00000000d5d80000)
 ParOldGen       total 1157120K, used 858759K [0x0000000080000000, 0x00000000c6a00000, 0x00000000d5580000)
  object space 1157120K, 74% used [0x0000000080000000,0x00000000b46a1ea8,0x00000000c6a00000)
 Metaspace       used 83590K, committed 85312K, reserved 1179648K
  class space    used 8767K, committed 9536K, reserved 1048576K
}
Event: 1212.286 GC heap after
{Heap after GC invocations=1718 (full 4):
 PSYoungGen      total 4608K, used 160K [0x00000000d5580000, 0x00000000d5c80000, 0x0000000100000000)
  eden space 4096K, 0% used [0x00000000d5580000,0x00000000d5580000,0x00000000d5980000)
  from space 512K, 31% used [0x00000000d5c00000,0x00000000d5c28000,0x00000000d5c80000)
  to   space 512K, 0% used [0x00000000d5b80000,0x00000000d5b80000,0x00000000d5c00000)
 ParOldGen       total 1157120K, used 858999K [0x0000000080000000, 0x00000000c6a00000, 0x00000000d5580000)
  object space 1157120K, 74% used [0x0000000080000000,0x00000000b46ddea8,0x00000000c6a00000)
 Metaspace       used 83590K, committed 85312K, reserved 1179648K
  class space    used 8767K, committed 9536K, reserved 1048576K
}
Event: 1212.792 GC heap before
{Heap before GC invocations=1719 (full 4):
 PSYoungGen      total 4608K, used 4255K [0x00000000d5580000, 0x00000000d5c80000, 0x0000000100000000)
  eden space 4096K, 99% used [0x00000000d5580000,0x00000000d597fff0,0x00000000d5980000)
  from space 512K, 31% used [0x00000000d5c00000,0x00000000d5c28000,0x00000000d5c80000)
  to   space 512K, 0% used [0x00000000d5b80000,0x00000000d5b80000,0x00000000d5c00000)
 ParOldGen       total 1157120K, used 858999K [0x0000000080000000, 0x00000000c6a00000, 0x00000000d5580000)
  object space 1157120K, 74% used [0x0000000080000000,0x00000000b46ddea8,0x00000000c6a00000)
 Metaspace       used 83591K, committed 85312K, reserved 1179648K
  class space    used 8767K, committed 9536K, reserved 1048576K
}
Event: 1212.796 GC heap after
{Heap after GC invocations=1719 (full 4):
 PSYoungGen      total 4608K, used 368K [0x00000000d5580000, 0x00000000d5c80000, 0x0000000100000000)
  eden space 4096K, 0% used [0x00000000d5580000,0x00000000d5580000,0x00000000d5980000)
  from space 512K, 71% used [0x00000000d5b80000,0x00000000d5bdc010,0x00000000d5c00000)
  to   space 512K, 0% used [0x00000000d5c00000,0x00000000d5c00000,0x00000000d5c80000)
 ParOldGen       total 1157120K, used 859039K [0x0000000080000000, 0x00000000c6a00000, 0x00000000d5580000)
  object space 1157120K, 74% used [0x0000000080000000,0x00000000b46e7ea8,0x00000000c6a00000)
 Metaspace       used 83591K, committed 85312K, reserved 1179648K
  class space    used 8767K, committed 9536K, reserved 1048576K
}
Event: 1213.301 GC heap before
{Heap before GC invocations=1720 (full 4):
 PSYoungGen      total 4608K, used 4464K [0x00000000d5580000, 0x00000000d5c80000, 0x0000000100000000)
  eden space 4096K, 100% used [0x00000000d5580000,0x00000000d5980000,0x00000000d5980000)
  from space 512K, 71% used [0x00000000d5b80000,0x00000000d5bdc010,0x00000000d5c00000)
  to   space 512K, 0% used [0x00000000d5c00000,0x00000000d5c00000,0x00000000d5c80000)
 ParOldGen       total 1157120K, used 859039K [0x0000000080000000, 0x00000000c6a00000, 0x00000000d5580000)
  object space 1157120K, 74% used [0x0000000080000000,0x00000000b46e7ea8,0x00000000c6a00000)
 Metaspace       used 83591K, committed 85312K, reserved 1179648K
  class space    used 8767K, committed 9536K, reserved 1048576K
}
Event: 1213.302 GC heap after
{Heap after GC invocations=1720 (full 4):
 PSYoungGen      total 4608K, used 224K [0x00000000d5580000, 0x00000000d5c80000, 0x0000000100000000)
  eden space 4096K, 0% used [0x00000000d5580000,0x00000000d5580000,0x00000000d5980000)
  from space 512K, 43% used [0x00000000d5c00000,0x00000000d5c38000,0x00000000d5c80000)
  to   space 512K, 0% used [0x00000000d5b80000,0x00000000d5b80000,0x00000000d5c00000)
 ParOldGen       total 1157120K, used 859087K [0x0000000080000000, 0x00000000c6a00000, 0x00000000d5580000)
  object space 1157120K, 74% used [0x0000000080000000,0x00000000b46f3ea8,0x00000000c6a00000)
 Metaspace       used 83591K, committed 85312K, reserved 1179648K
  class space    used 8767K, committed 9536K, reserved 1048576K
}
Event: 1213.584 GC heap before
{Heap before GC invocations=1721 (full 4):
 PSYoungGen      total 4608K, used 4314K [0x00000000d5580000, 0x00000000d5c80000, 0x0000000100000000)
  eden space 4096K, 99% used [0x00000000d5580000,0x00000000d597e8f8,0x00000000d5980000)
  from space 512K, 43% used [0x00000000d5c00000,0x00000000d5c38000,0x00000000d5c80000)
  to   space 512K, 0% used [0x00000000d5b80000,0x00000000d5b80000,0x00000000d5c00000)
 ParOldGen       total 1157120K, used 859087K [0x0000000080000000, 0x00000000c6a00000, 0x00000000d5580000)
  object space 1157120K, 74% used [0x0000000080000000,0x00000000b46f3ea8,0x00000000c6a00000)
 Metaspace       used 83591K, committed 85312K, reserved 1179648K
  class space    used 8767K, committed 9536K, reserved 1048576K
}
Event: 1213.586 GC heap after
{Heap after GC invocations=1721 (full 4):
 PSYoungGen      total 4608K, used 464K [0x00000000d5580000, 0x00000000d5c80000, 0x0000000100000000)
  eden space 4096K, 0% used [0x00000000d5580000,0x00000000d5580000,0x00000000d5980000)
  from space 512K, 90% used [0x00000000d5b80000,0x00000000d5bf4010,0x00000000d5c00000)
  to   space 512K, 0% used [0x00000000d5c00000,0x00000000d5c00000,0x00000000d5c80000)
 ParOldGen       total 1157120K, used 859135K [0x0000000080000000, 0x00000000c6a00000, 0x00000000d5580000)
  object space 1157120K, 74% used [0x0000000080000000,0x00000000b46ffea8,0x00000000c6a00000)
 Metaspace       used 83591K, committed 85312K, reserved 1179648K
  class space    used 8767K, committed 9536K, reserved 1048576K
}
Event: 1214.256 GC heap before
{Heap before GC invocations=1722 (full 4):
 PSYoungGen      total 4608K, used 4558K [0x00000000d5580000, 0x00000000d5c80000, 0x0000000100000000)
  eden space 4096K, 99% used [0x00000000d5580000,0x00000000d597f7f8,0x00000000d5980000)
  from space 512K, 90% used [0x00000000d5b80000,0x00000000d5bf4010,0x00000000d5c00000)
  to   space 512K, 0% used [0x00000000d5c00000,0x00000000d5c00000,0x00000000d5c80000)
 ParOldGen       total 1157120K, used 859135K [0x0000000080000000, 0x00000000c6a00000, 0x00000000d5580000)
  object space 1157120K, 74% used [0x0000000080000000,0x00000000b46ffea8,0x00000000c6a00000)
 Metaspace       used 83591K, committed 85312K, reserved 1179648K
  class space    used 8767K, committed 9536K, reserved 1048576K
}
Event: 1214.260 GC heap after
{Heap after GC invocations=1722 (full 4):
 PSYoungGen      total 4608K, used 256K [0x00000000d5580000, 0x00000000d5c80000, 0x0000000100000000)
  eden space 4096K, 0% used [0x00000000d5580000,0x00000000d5580000,0x00000000d5980000)
  from space 512K, 50% used [0x00000000d5c00000,0x00000000d5c40000,0x00000000d5c80000)
  to   space 512K, 0% used [0x00000000d5b80000,0x00000000d5b80000,0x00000000d5c00000)
 ParOldGen       total 1157120K, used 859436K [0x0000000080000000, 0x00000000c6a00000, 0x00000000d5580000)
  object space 1157120K, 74% used [0x0000000080000000,0x00000000b474b338,0x00000000c6a00000)
 Metaspace       used 83591K, committed 85312K, reserved 1179648K
  class space    used 8767K, committed 9536K, reserved 1048576K
}
Event: 1214.274 GC heap before
{Heap before GC invocations=1723 (full 4):
 PSYoungGen      total 4608K, used 4352K [0x00000000d5580000, 0x00000000d5c80000, 0x0000000100000000)
  eden space 4096K, 100% used [0x00000000d5580000,0x00000000d5980000,0x00000000d5980000)
  from space 512K, 50% used [0x00000000d5c00000,0x00000000d5c40000,0x00000000d5c80000)
  to   space 512K, 0% used [0x00000000d5b80000,0x00000000d5b80000,0x00000000d5c00000)
 ParOldGen       total 1157120K, used 859436K [0x0000000080000000, 0x00000000c6a00000, 0x00000000d5580000)
  object space 1157120K, 74% used [0x0000000080000000,0x00000000b474b338,0x00000000c6a00000)
 Metaspace       used 83600K, committed 85312K, reserved 1179648K
  class space    used 8767K, committed 9536K, reserved 1048576K
}
Event: 1214.279 GC heap after
{Heap after GC invocations=1723 (full 4):
 PSYoungGen      total 4608K, used 499K [0x00000000d5580000, 0x00000000d6280000, 0x0000000100000000)
  eden space 4096K, 0% used [0x00000000d5580000,0x00000000d5580000,0x00000000d5980000)
  from space 512K, 97% used [0x00000000d5b80000,0x00000000d5bfcdd0,0x00000000d5c00000)
  to   space 4608K, 0% used [0x00000000d5e00000,0x00000000d5e00000,0x00000000d6280000)
 ParOldGen       total 1157120K, used 862848K [0x0000000080000000, 0x00000000c6a00000, 0x00000000d5580000)
  object space 1157120K, 74% used [0x0000000080000000,0x00000000b4aa0108,0x00000000c6a00000)
 Metaspace       used 83600K, committed 85312K, reserved 1179648K
  class space    used 8767K, committed 9536K, reserved 1048576K
}
Event: 1214.307 GC heap before
{Heap before GC invocations=1724 (full 4):
 PSYoungGen      total 4608K, used 4484K [0x00000000d5580000, 0x00000000d6280000, 0x0000000100000000)
  eden space 4096K, 97% used [0x00000000d5580000,0x00000000d59642d8,0x00000000d5980000)
  from space 512K, 97% used [0x00000000d5b80000,0x00000000d5bfcdd0,0x00000000d5c00000)
  to   space 4608K, 0% used [0x00000000d5e00000,0x00000000d5e00000,0x00000000d6280000)
 ParOldGen       total 1157120K, used 862848K [0x0000000080000000, 0x00000000c6a00000, 0x00000000d5580000)
  object space 1157120K, 74% used [0x0000000080000000,0x00000000b4aa0108,0x00000000c6a00000)
 Metaspace       used 83600K, committed 85312K, reserved 1179648K
  class space    used 8767K, committed 9536K, reserved 1048576K
}
Event: 1214.311 GC heap after
{Heap after GC invocations=1724 (full 4):
 PSYoungGen      total 5632K, used 1392K [0x00000000d5580000, 0x00000000d5f80000, 0x0000000100000000)
  eden space 4096K, 0% used [0x00000000d5580000,0x00000000d5580000,0x00000000d5980000)
  from space 1536K, 90% used [0x00000000d5e00000,0x00000000d5f5c110,0x00000000d5f80000)
  to   space 2560K, 0% used [0x00000000d5a80000,0x00000000d5a80000,0x00000000d5d00000)
 ParOldGen       total 1157120K, used 862944K [0x0000000080000000, 0x00000000c6a00000, 0x00000000d5580000)
  object space 1157120K, 74% used [0x0000000080000000,0x00000000b4ab8118,0x00000000c6a00000)
 Metaspace       used 83600K, committed 85312K, reserved 1179648K
  class space    used 8767K, committed 9536K, reserved 1048576K
}
Event: 1214.347 GC heap before
{Heap before GC invocations=1725 (full 4):
 PSYoungGen      total 5632K, used 5488K [0x00000000d5580000, 0x00000000d5f80000, 0x0000000100000000)
  eden space 4096K, 100% used [0x00000000d5580000,0x00000000d5980000,0x00000000d5980000)
  from space 1536K, 90% used [0x00000000d5e00000,0x00000000d5f5c110,0x00000000d5f80000)
  to   space 2560K, 0% used [0x00000000d5a80000,0x00000000d5a80000,0x00000000d5d00000)
 ParOldGen       total 1157120K, used 862944K [0x0000000080000000, 0x00000000c6a00000, 0x00000000d5580000)
  object space 1157120K, 74% used [0x0000000080000000,0x00000000b4ab8118,0x00000000c6a00000)
 Metaspace       used 83600K, committed 85312K, reserved 1179648K
  class space    used 8767K, committed 9536K, reserved 1048576K
}
Event: 1214.352 GC heap after
{Heap after GC invocations=1725 (full 4):
 PSYoungGen      total 6656K, used 2544K [0x00000000d5580000, 0x00000000d6380000, 0x0000000100000000)
  eden space 4096K, 0% used [0x00000000d5580000,0x00000000d5580000,0x00000000d5980000)
  from space 2560K, 99% used [0x00000000d5a80000,0x00000000d5cfc000,0x00000000d5d00000)
  to   space 5120K, 0% used [0x00000000d5e80000,0x00000000d5e80000,0x00000000d6380000)
 ParOldGen       total 1157120K, used 864640K [0x0000000080000000, 0x00000000c6a00000, 0x00000000d5580000)
  object space 1157120K, 74% used [0x0000000080000000,0x00000000b4c60118,0x00000000c6a00000)
 Metaspace       used 83600K, committed 85312K, reserved 1179648K
  class space    used 8767K, committed 9536K, reserved 1048576K
}
Event: 1214.732 GC heap before
{Heap before GC invocations=1726 (full 4):
 PSYoungGen      total 6656K, used 6640K [0x00000000d5580000, 0x00000000d6380000, 0x0000000100000000)
  eden space 4096K, 100% used [0x00000000d5580000,0x00000000d5980000,0x00000000d5980000)
  from space 2560K, 99% used [0x00000000d5a80000,0x00000000d5cfc000,0x00000000d5d00000)
  to   space 5120K, 0% used [0x00000000d5e80000,0x00000000d5e80000,0x00000000d6380000)
 ParOldGen       total 1157120K, used 864640K [0x0000000080000000, 0x00000000c6a00000, 0x00000000d5580000)
  object space 1157120K, 74% used [0x0000000080000000,0x00000000b4c60118,0x00000000c6a00000)
 Metaspace       used 83603K, committed 85312K, reserved 1179648K
  class space    used 8767K, committed 9536K, reserved 1048576K
}
Event: 1214.741 GC heap after
{Heap after GC invocations=1726 (full 4):
 PSYoungGen      total 5120K, used 528K [0x00000000d5580000, 0x00000000d5f80000, 0x0000000100000000)
  eden space 4096K, 0% used [0x00000000d5580000,0x00000000d5580000,0x00000000d5980000)
  from space 1024K, 51% used [0x00000000d5e80000,0x00000000d5f04010,0x00000000d5f80000)
  to   space 2048K, 0% used [0x00000000d5b80000,0x00000000d5b80000,0x00000000d5d80000)
 ParOldGen       total 1157120K, used 867248K [0x0000000080000000, 0x00000000c6a00000, 0x00000000d5580000)
  object space 1157120K, 74% used [0x0000000080000000,0x00000000b4eec118,0x00000000c6a00000)
 Metaspace       used 83603K, committed 85312K, reserved 1179648K
  class space    used 8767K, committed 9536K, reserved 1048576K
}
Event: 1566.791 GC heap before
{Heap before GC invocations=1727 (full 4):
 PSYoungGen      total 5120K, used 4617K [0x00000000d5580000, 0x00000000d5f80000, 0x0000000100000000)
  eden space 4096K, 99% used [0x00000000d5580000,0x00000000d597e460,0x00000000d5980000)
  from space 1024K, 51% used [0x00000000d5e80000,0x00000000d5f04010,0x00000000d5f80000)
  to   space 2048K, 0% used [0x00000000d5b80000,0x00000000d5b80000,0x00000000d5d80000)
 ParOldGen       total 1157120K, used 867248K [0x0000000080000000, 0x00000000c6a00000, 0x00000000d5580000)
  object space 1157120K, 74% used [0x0000000080000000,0x00000000b4eec118,0x00000000c6a00000)
 Metaspace       used 83605K, committed 85312K, reserved 1179648K
  class space    used 8767K, committed 9536K, reserved 1048576K
}
Event: 1566.908 GC heap after
{Heap after GC invocations=1727 (full 4):
 PSYoungGen      total 6144K, used 224K [0x00000000d5580000, 0x00000000d5f00000, 0x0000000100000000)
  eden space 4096K, 0% used [0x00000000d5580000,0x00000000d5580000,0x00000000d5980000)
  from space 2048K, 10% used [0x00000000d5b80000,0x00000000d5bb8000,0x00000000d5d80000)
  to   space 1024K, 0% used [0x00000000d5e00000,0x00000000d5e00000,0x00000000d5f00000)
 ParOldGen       total 1157120K, used 867296K [0x0000000080000000, 0x00000000c6a00000, 0x00000000d5580000)
  object space 1157120K, 74% used [0x0000000080000000,0x00000000b4ef8118,0x00000000c6a00000)
 Metaspace       used 83605K, committed 85312K, reserved 1179648K
  class space    used 8767K, committed 9536K, reserved 1048576K
}

